customer_app/app/build/intermediates/manifest_merge_blame_file/debug/manifest-merger-blame-debug-report.txt
1<?xml version="1.0" encoding="utf-8"?>
2<manifest xmlns:android="http://schemas.android.com/apk/res/android"
3    package="com.yallajay.customerapp"
4    android:versionCode="1"
5    android:versionName="1.0" >
6
7    <uses-sdk
8        android:minSdkVersion="24"
9        android:targetSdkVersion="34" />
10
11    <uses-permission android:name="android.permission.INTERNET" />
11-->src/main/AndroidManifest.xml:4:5-67
11-->src/main/AndroidManifest.xml:4:22-64
12    <uses-permission android:name="android.permission.POST_NOTIFICATIONS" />
12-->src/main/AndroidManifest.xml:5:5-76
12-->src/main/AndroidManifest.xml:5:22-74
13    <uses-permission android:name="android.permission.ACCESS_NETWORK_STATE" />
13-->[com.google.firebase:firebase-messaging:24.0.0] AndroidManifest.xml:22:5-79
13-->[com.google.firebase:firebase-messaging:24.0.0] AndroidManifest.xml:22:22-76
14    <uses-permission android:name="android.permission.WAKE_LOCK" /> <!-- Required by older versions of Google Play services to create IID tokens -->
14-->[com.google.firebase:firebase-messaging:24.0.0] AndroidManifest.xml:24:5-68
14-->[com.google.firebase:firebase-messaging:24.0.0] AndroidManifest.xml:24:22-65
15    <uses-permission android:name="com.google.android.c2dm.permission.RECEIVE" />
15-->[com.google.firebase:firebase-messaging:24.0.0] AndroidManifest.xml:26:5-82
15-->[com.google.firebase:firebase-messaging:24.0.0] AndroidManifest.xml:26:22-79
16    <uses-permission android:name="com.google.android.gms.permission.AD_ID" />
16-->[com.google.android.gms:play-services-measurement-api:22.0.2] AndroidManifest.xml:25:5-79
16-->[com.google.android.gms:play-services-measurement-api:22.0.2] AndroidManifest.xml:25:22-76
17    <uses-permission android:name="android.permission.ACCESS_ADSERVICES_ATTRIBUTION" />
17-->[com.google.android.gms:play-services-measurement-api:22.0.2] AndroidManifest.xml:26:5-88
17-->[com.google.android.gms:play-services-measurement-api:22.0.2] AndroidManifest.xml:26:22-85
18    <uses-permission android:name="android.permission.ACCESS_ADSERVICES_AD_ID" />
18-->[com.google.android.gms:play-services-measurement-api:22.0.2] AndroidManifest.xml:27:5-82
18-->[com.google.android.gms:play-services-measurement-api:22.0.2] AndroidManifest.xml:27:22-79
19    <uses-permission android:name="com.google.android.finsky.permission.BIND_GET_INSTALL_REFERRER_SERVICE" />
19-->[com.google.android.gms:play-services-measurement:22.0.2] AndroidManifest.xml:26:5-110
19-->[com.google.android.gms:play-services-measurement:22.0.2] AndroidManifest.xml:26:22-107
20
21    <permission
21-->[androidx.core:core:1.13.0] AndroidManifest.xml:22:5-24:47
22        android:name="com.yallajay.customerapp.DYNAMIC_RECEIVER_NOT_EXPORTED_PERMISSION"
22-->[androidx.core:core:1.13.0] AndroidManifest.xml:23:9-81
23        android:protectionLevel="signature" />
23-->[androidx.core:core:1.13.0] AndroidManifest.xml:24:9-44
24
25    <uses-permission android:name="com.yallajay.customerapp.DYNAMIC_RECEIVER_NOT_EXPORTED_PERMISSION" />
25-->[androidx.core:core:1.13.0] AndroidManifest.xml:26:5-97
25-->[androidx.core:core:1.13.0] AndroidManifest.xml:26:22-94
26
27    <application
27-->src/main/AndroidManifest.xml:7:5-92:19
28        android:name="com.yallajay.customerapp.YallaJayApplication"
28-->src/main/AndroidManifest.xml:8:9-44
29        android:allowBackup="true"
29-->src/main/AndroidManifest.xml:9:9-35
30        android:appComponentFactory="androidx.core.app.CoreComponentFactory"
30-->[androidx.core:core:1.13.0] AndroidManifest.xml:28:18-86
31        android:debuggable="true"
32        android:extractNativeLibs="false"
33        android:icon="@mipmap/ic_launcher"
33-->src/main/AndroidManifest.xml:10:9-43
34        android:label="@string/app_name"
34-->src/main/AndroidManifest.xml:11:9-41
35        android:roundIcon="@mipmap/ic_launcher_round"
35-->src/main/AndroidManifest.xml:12:9-54
36        android:supportsRtl="true"
36-->src/main/AndroidManifest.xml:13:9-35
37        android:theme="@style/Theme.YallaJayCustomerApp" >
37-->src/main/AndroidManifest.xml:14:9-57
38        <service
38-->src/main/AndroidManifest.xml:16:9-22:19
39            android:name="com.yallajay.customerapp.service.MyFirebaseMessagingService"
39-->src/main/AndroidManifest.xml:17:13-63
40            android:exported="false" >
40-->src/main/AndroidManifest.xml:18:13-37
41            <intent-filter>
41-->src/main/AndroidManifest.xml:19:13-21:29
42                <action android:name="com.google.firebase.MESSAGING_EVENT" />
42-->src/main/AndroidManifest.xml:20:17-78
42-->src/main/AndroidManifest.xml:20:25-75
43            </intent-filter>
44        </service>
45
46        <activity
46-->src/main/AndroidManifest.xml:23:9-30:20
47            android:name="com.yallajay.customerapp.MainActivity"
47-->src/main/AndroidManifest.xml:24:13-41
48            android:exported="true" >
48-->src/main/AndroidManifest.xml:25:13-36
49            <intent-filter>
49-->src/main/AndroidManifest.xml:26:13-29:29
50                <action android:name="android.intent.action.MAIN" />
50-->src/main/AndroidManifest.xml:27:17-69
50-->src/main/AndroidManifest.xml:27:25-66
51
52                <category android:name="android.intent.category.LAUNCHER" />
52-->src/main/AndroidManifest.xml:28:17-77
52-->src/main/AndroidManifest.xml:28:27-74
53            </intent-filter>
54        </activity>
55        <activity
55-->src/main/AndroidManifest.xml:32:9-34:60
56            android:name="com.yallajay.customerapp.LoginActivity"
56-->src/main/AndroidManifest.xml:33:13-42
57            android:label="@string/title_activity_login" />
57-->src/main/AndroidManifest.xml:34:13-57
58        <activity
58-->src/main/AndroidManifest.xml:36:9-38:63
59            android:name="com.yallajay.customerapp.RegisterActivity"
59-->src/main/AndroidManifest.xml:37:13-45
60            android:label="@string/title_activity_register" />
60-->src/main/AndroidManifest.xml:38:13-60
61        <activity
61-->src/main/AndroidManifest.xml:40:9-42:59
62            android:name="com.yallajay.customerapp.HomeActivity"
62-->src/main/AndroidManifest.xml:41:13-41
63            android:label="@string/title_activity_home" />
63-->src/main/AndroidManifest.xml:42:13-56
64        <activity
64-->src/main/AndroidManifest.xml:44:9-46:67
65            android:name="com.yallajay.customerapp.EditProfileActivity"
65-->src/main/AndroidManifest.xml:45:13-48
66            android:label="@string/title_activity_edit_profile" />
66-->src/main/AndroidManifest.xml:46:13-64
67        <activity
67-->src/main/AndroidManifest.xml:48:9-50:65
68            android:name="com.yallajay.customerapp.StoreListActivity"
68-->src/main/AndroidManifest.xml:49:13-46
69            android:label="@string/title_activity_store_list" />
69-->src/main/AndroidManifest.xml:50:13-62
70        <activity
70-->src/main/AndroidManifest.xml:52:9-54:68
71            android:name="com.yallajay.customerapp.CategoryListActivity"
71-->src/main/AndroidManifest.xml:53:13-49
72            android:label="@string/title_activity_category_list" />
72-->src/main/AndroidManifest.xml:54:13-65
73        <activity
73-->src/main/AndroidManifest.xml:56:9-58:67
74            android:name="com.yallajay.customerapp.ProductListActivity"
74-->src/main/AndroidManifest.xml:57:13-48
75            android:label="@string/title_activity_product_list" />
75-->src/main/AndroidManifest.xml:58:13-64
76        <activity
76-->src/main/AndroidManifest.xml:60:9-62:59
77            android:name="com.yallajay.customerapp.CartActivity"
77-->src/main/AndroidManifest.xml:61:13-41
78            android:label="@string/title_activity_cart" />
78-->src/main/AndroidManifest.xml:62:13-56
79        <activity
79-->src/main/AndroidManifest.xml:64:9-66:39
80            android:name="com.yallajay.customerapp.AddressListActivity"
80-->src/main/AndroidManifest.xml:65:13-48
81            android:label="عناويني" />
81-->src/main/AndroidManifest.xml:66:13-36
82        <activity
82-->src/main/AndroidManifest.xml:68:9-70:76
83            android:name="com.yallajay.customerapp.SelectServiceRegionActivity"
83-->src/main/AndroidManifest.xml:69:13-56
84            android:label="@string/title_activity_select_service_region" />
84-->src/main/AndroidManifest.xml:70:13-73
85        <activity
85-->src/main/AndroidManifest.xml:72:9-74:68
86            android:name="com.yallajay.customerapp.OrderSuccessActivity"
86-->src/main/AndroidManifest.xml:73:13-49
87            android:label="@string/title_activity_order_success" />
87-->src/main/AndroidManifest.xml:74:13-65
88        <activity
88-->src/main/AndroidManifest.xml:76:9-78:71
89            android:name="com.yallajay.customerapp.AddEditAddressActivity"
89-->src/main/AndroidManifest.xml:77:13-51
90            android:label="@string/title_activity_add_edit_address" />
90-->src/main/AndroidManifest.xml:78:13-68
91        <activity
91-->src/main/AndroidManifest.xml:80:9-82:68
92            android:name="com.yallajay.customerapp.NotificationActivity"
92-->src/main/AndroidManifest.xml:81:13-49
93            android:label="@string/title_activity_notifications" />
93-->src/main/AndroidManifest.xml:82:13-65
94        <activity
94-->src/main/AndroidManifest.xml:84:9-86:68
95            android:name="com.yallajay.customerapp.OrderHistoryActivity"
95-->src/main/AndroidManifest.xml:85:13-49
96            android:label="@string/title_activity_order_history" />
96-->src/main/AndroidManifest.xml:86:13-65
97        <activity
97-->src/main/AndroidManifest.xml:88:9-90:67
98            android:name="com.yallajay.customerapp.OrderDetailActivity"
98-->src/main/AndroidManifest.xml:89:13-48
99            android:label="@string/title_activity_order_detail" />
99-->src/main/AndroidManifest.xml:90:13-64
100
101        <service
101-->[androidx.room:room-runtime:2.6.1] AndroidManifest.xml:24:9-28:63
102            android:name="androidx.room.MultiInstanceInvalidationService"
102-->[androidx.room:room-runtime:2.6.1] AndroidManifest.xml:25:13-74
103            android:directBootAware="true"
103-->[androidx.room:room-runtime:2.6.1] AndroidManifest.xml:26:13-43
104            android:exported="false" />
104-->[androidx.room:room-runtime:2.6.1] AndroidManifest.xml:27:13-37
105        <service
105-->[com.google.firebase:firebase-analytics-ktx:22.0.2] AndroidManifest.xml:8:9-14:19
106            android:name="com.google.firebase.components.ComponentDiscoveryService"
106-->[com.google.firebase:firebase-analytics-ktx:22.0.2] AndroidManifest.xml:9:13-84
107            android:directBootAware="true"
107-->[com.google.firebase:firebase-common:21.0.0] AndroidManifest.xml:32:13-43
108            android:exported="false" >
108-->[com.google.firebase:firebase-analytics-ktx:22.0.2] AndroidManifest.xml:10:13-37
109            <meta-data
109-->[com.google.firebase:firebase-analytics-ktx:22.0.2] AndroidManifest.xml:11:13-13:85
110                android:name="com.google.firebase.components:com.google.firebase.analytics.ktx.FirebaseAnalyticsLegacyRegistrar"
110-->[com.google.firebase:firebase-analytics-ktx:22.0.2] AndroidManifest.xml:12:17-129
111                android:value="com.google.firebase.components.ComponentRegistrar" />
111-->[com.google.firebase:firebase-analytics-ktx:22.0.2] AndroidManifest.xml:13:17-82
112            <meta-data
112-->[com.google.firebase:firebase-messaging-ktx:24.0.0] AndroidManifest.xml:26:13-28:85
113                android:name="com.google.firebase.components:com.google.firebase.messaging.ktx.FirebaseMessagingLegacyRegistrar"
113-->[com.google.firebase:firebase-messaging-ktx:24.0.0] AndroidManifest.xml:27:17-129
114                android:value="com.google.firebase.components.ComponentRegistrar" />
114-->[com.google.firebase:firebase-messaging-ktx:24.0.0] AndroidManifest.xml:28:17-82
115            <meta-data
115-->[com.google.firebase:firebase-messaging:24.0.0] AndroidManifest.xml:57:13-59:85
116                android:name="com.google.firebase.components:com.google.firebase.messaging.FirebaseMessagingKtxRegistrar"
116-->[com.google.firebase:firebase-messaging:24.0.0] AndroidManifest.xml:58:17-122
117                android:value="com.google.firebase.components.ComponentRegistrar" />
117-->[com.google.firebase:firebase-messaging:24.0.0] AndroidManifest.xml:59:17-82
118            <meta-data
118-->[com.google.firebase:firebase-messaging:24.0.0] AndroidManifest.xml:60:13-62:85
119                android:name="com.google.firebase.components:com.google.firebase.messaging.FirebaseMessagingRegistrar"
119-->[com.google.firebase:firebase-messaging:24.0.0] AndroidManifest.xml:61:17-119
120                android:value="com.google.firebase.components.ComponentRegistrar" />
120-->[com.google.firebase:firebase-messaging:24.0.0] AndroidManifest.xml:62:17-82
121            <meta-data
121-->[com.google.android.gms:play-services-measurement-api:22.0.2] AndroidManifest.xml:37:13-39:85
122                android:name="com.google.firebase.components:com.google.firebase.analytics.connector.internal.AnalyticsConnectorRegistrar"
122-->[com.google.android.gms:play-services-measurement-api:22.0.2] AndroidManifest.xml:38:17-139
123                android:value="com.google.firebase.components.ComponentRegistrar" />
123-->[com.google.android.gms:play-services-measurement-api:22.0.2] AndroidManifest.xml:39:17-82
124            <meta-data
124-->[com.google.firebase:firebase-installations:18.0.0] AndroidManifest.xml:15:13-17:85
125                android:name="com.google.firebase.components:com.google.firebase.installations.FirebaseInstallationsKtxRegistrar"
125-->[com.google.firebase:firebase-installations:18.0.0] AndroidManifest.xml:16:17-130
126                android:value="com.google.firebase.components.ComponentRegistrar" />
126-->[com.google.firebase:firebase-installations:18.0.0] AndroidManifest.xml:17:17-82
127            <meta-data
127-->[com.google.firebase:firebase-installations:18.0.0] AndroidManifest.xml:18:13-20:85
128                android:name="com.google.firebase.components:com.google.firebase.installations.FirebaseInstallationsRegistrar"
128-->[com.google.firebase:firebase-installations:18.0.0] AndroidManifest.xml:19:17-127
129                android:value="com.google.firebase.components.ComponentRegistrar" />
129-->[com.google.firebase:firebase-installations:18.0.0] AndroidManifest.xml:20:17-82
130            <meta-data
130-->[com.google.firebase:firebase-common-ktx:21.0.0] AndroidManifest.xml:12:13-14:85
131                android:name="com.google.firebase.components:com.google.firebase.ktx.FirebaseCommonLegacyRegistrar"
131-->[com.google.firebase:firebase-common-ktx:21.0.0] AndroidManifest.xml:13:17-116
132                android:value="com.google.firebase.components.ComponentRegistrar" />
132-->[com.google.firebase:firebase-common-ktx:21.0.0] AndroidManifest.xml:14:17-82
133            <meta-data
133-->[com.google.firebase:firebase-common:21.0.0] AndroidManifest.xml:35:13-37:85
134                android:name="com.google.firebase.components:com.google.firebase.FirebaseCommonKtxRegistrar"
134-->[com.google.firebase:firebase-common:21.0.0] AndroidManifest.xml:36:17-109
135                android:value="com.google.firebase.components.ComponentRegistrar" />
135-->[com.google.firebase:firebase-common:21.0.0] AndroidManifest.xml:37:17-82
136            <meta-data
136-->[com.google.firebase:firebase-datatransport:18.2.0] AndroidManifest.xml:25:13-27:85
137                android:name="com.google.firebase.components:com.google.firebase.datatransport.TransportRegistrar"
137-->[com.google.firebase:firebase-datatransport:18.2.0] AndroidManifest.xml:26:17-115
138                android:value="com.google.firebase.components.ComponentRegistrar" />
138-->[com.google.firebase:firebase-datatransport:18.2.0] AndroidManifest.xml:27:17-82
139        </service>
140
141        <receiver
141-->[com.google.firebase:firebase-messaging:24.0.0] AndroidManifest.xml:29:9-40:20
142            android:name="com.google.firebase.iid.FirebaseInstanceIdReceiver"
142-->[com.google.firebase:firebase-messaging:24.0.0] AndroidManifest.xml:30:13-78
143            android:exported="true"
143-->[com.google.firebase:firebase-messaging:24.0.0] AndroidManifest.xml:31:13-36
144            android:permission="com.google.android.c2dm.permission.SEND" >
144-->[com.google.firebase:firebase-messaging:24.0.0] AndroidManifest.xml:32:13-73
145            <intent-filter>
145-->[com.google.firebase:firebase-messaging:24.0.0] AndroidManifest.xml:33:13-35:29
146                <action android:name="com.google.android.c2dm.intent.RECEIVE" />
146-->[com.google.firebase:firebase-messaging:24.0.0] AndroidManifest.xml:34:17-81
146-->[com.google.firebase:firebase-messaging:24.0.0] AndroidManifest.xml:34:25-78
147            </intent-filter>
148
149            <meta-data
149-->[com.google.firebase:firebase-messaging:24.0.0] AndroidManifest.xml:37:13-39:40
150                android:name="com.google.android.gms.cloudmessaging.FINISHED_AFTER_HANDLED"
150-->[com.google.firebase:firebase-messaging:24.0.0] AndroidManifest.xml:38:17-92
151                android:value="true" />
151-->[com.google.firebase:firebase-messaging:24.0.0] AndroidManifest.xml:39:17-37
152        </receiver>
153        <!--
154             FirebaseMessagingService performs security checks at runtime,
155             but set to not exported to explicitly avoid allowing another app to call it.
156        -->
157        <service
157-->[com.google.firebase:firebase-messaging:24.0.0] AndroidManifest.xml:46:9-53:19
158            android:name="com.google.firebase.messaging.FirebaseMessagingService"
158-->[com.google.firebase:firebase-messaging:24.0.0] AndroidManifest.xml:47:13-82
159            android:directBootAware="true"
159-->[com.google.firebase:firebase-messaging:24.0.0] AndroidManifest.xml:48:13-43
160            android:exported="false" >
160-->[com.google.firebase:firebase-messaging:24.0.0] AndroidManifest.xml:49:13-37
161            <intent-filter android:priority="-500" >
161-->src/main/AndroidManifest.xml:19:13-21:29
162                <action android:name="com.google.firebase.MESSAGING_EVENT" />
162-->src/main/AndroidManifest.xml:20:17-78
162-->src/main/AndroidManifest.xml:20:25-75
163            </intent-filter>
164        </service>
165
166        <activity
166-->[com.google.android.gms:play-services-base:18.0.1] AndroidManifest.xml:20:9-22:45
167            android:name="com.google.android.gms.common.api.GoogleApiActivity"
167-->[com.google.android.gms:play-services-base:18.0.1] AndroidManifest.xml:20:19-85
168            android:exported="false"
168-->[com.google.android.gms:play-services-base:18.0.1] AndroidManifest.xml:22:19-43
169            android:theme="@android:style/Theme.Translucent.NoTitleBar" />
169-->[com.google.android.gms:play-services-base:18.0.1] AndroidManifest.xml:21:19-78
170
171        <property
171-->[com.google.android.gms:play-services-measurement-api:22.0.2] AndroidManifest.xml:30:9-32:61
172            android:name="android.adservices.AD_SERVICES_CONFIG"
172-->[com.google.android.gms:play-services-measurement-api:22.0.2] AndroidManifest.xml:31:13-65
173            android:resource="@xml/ga_ad_services_config" />
173-->[com.google.android.gms:play-services-measurement-api:22.0.2] AndroidManifest.xml:32:13-58
174
175        <provider
175-->[com.google.firebase:firebase-common:21.0.0] AndroidManifest.xml:23:9-28:39
176            android:name="com.google.firebase.provider.FirebaseInitProvider"
176-->[com.google.firebase:firebase-common:21.0.0] AndroidManifest.xml:24:13-77
177            android:authorities="com.yallajay.customerapp.firebaseinitprovider"
177-->[com.google.firebase:firebase-common:21.0.0] AndroidManifest.xml:25:13-72
178            android:directBootAware="true"
178-->[com.google.firebase:firebase-common:21.0.0] AndroidManifest.xml:26:13-43
179            android:exported="false"
179-->[com.google.firebase:firebase-common:21.0.0] AndroidManifest.xml:27:13-37
180            android:initOrder="100" />
180-->[com.google.firebase:firebase-common:21.0.0] AndroidManifest.xml:28:13-36
181
182        <receiver
182-->[com.google.android.gms:play-services-measurement:22.0.2] AndroidManifest.xml:29:9-33:20
183            android:name="com.google.android.gms.measurement.AppMeasurementReceiver"
183-->[com.google.android.gms:play-services-measurement:22.0.2] AndroidManifest.xml:30:13-85
184            android:enabled="true"
184-->[com.google.android.gms:play-services-measurement:22.0.2] AndroidManifest.xml:31:13-35
185            android:exported="false" >
185-->[com.google.android.gms:play-services-measurement:22.0.2] AndroidManifest.xml:32:13-37
186        </receiver>
187
188        <service
188-->[com.google.android.gms:play-services-measurement:22.0.2] AndroidManifest.xml:35:9-38:40
189            android:name="com.google.android.gms.measurement.AppMeasurementService"
189-->[com.google.android.gms:play-services-measurement:22.0.2] AndroidManifest.xml:36:13-84
190            android:enabled="true"
190-->[com.google.android.gms:play-services-measurement:22.0.2] AndroidManifest.xml:37:13-35
191            android:exported="false" />
191-->[com.google.android.gms:play-services-measurement:22.0.2] AndroidManifest.xml:38:13-37
192        <service
192-->[com.google.android.gms:play-services-measurement:22.0.2] AndroidManifest.xml:39:9-43:72
193            android:name="com.google.android.gms.measurement.AppMeasurementJobService"
193-->[com.google.android.gms:play-services-measurement:22.0.2] AndroidManifest.xml:40:13-87
194            android:enabled="true"
194-->[com.google.android.gms:play-services-measurement:22.0.2] AndroidManifest.xml:41:13-35
195            android:exported="false"
195-->[com.google.android.gms:play-services-measurement:22.0.2] AndroidManifest.xml:42:13-37
196            android:permission="android.permission.BIND_JOB_SERVICE" />
196-->[com.google.android.gms:play-services-measurement:22.0.2] AndroidManifest.xml:43:13-69
197
198        <provider
198-->[androidx.emoji2:emoji2:1.3.0] AndroidManifest.xml:24:9-32:20
199            android:name="androidx.startup.InitializationProvider"
199-->[androidx.emoji2:emoji2:1.3.0] AndroidManifest.xml:25:13-67
200            android:authorities="com.yallajay.customerapp.androidx-startup"
200-->[androidx.emoji2:emoji2:1.3.0] AndroidManifest.xml:26:13-68
201            android:exported="false" >
201-->[androidx.emoji2:emoji2:1.3.0] AndroidManifest.xml:27:13-37
202            <meta-data
202-->[androidx.emoji2:emoji2:1.3.0] AndroidManifest.xml:29:13-31:52
203                android:name="androidx.emoji2.text.EmojiCompatInitializer"
203-->[androidx.emoji2:emoji2:1.3.0] AndroidManifest.xml:30:17-75
204                android:value="androidx.startup" />
204-->[androidx.emoji2:emoji2:1.3.0] AndroidManifest.xml:31:17-49
205            <meta-data
205-->[androidx.lifecycle:lifecycle-process:2.7.0] AndroidManifest.xml:29:13-31:52
206                android:name="androidx.lifecycle.ProcessLifecycleInitializer"
206-->[androidx.lifecycle:lifecycle-process:2.7.0] AndroidManifest.xml:30:17-78
207                android:value="androidx.startup" />
207-->[androidx.lifecycle:lifecycle-process:2.7.0] AndroidManifest.xml:31:17-49
208            <meta-data
208-->[androidx.profileinstaller:profileinstaller:1.4.0] AndroidManifest.xml:29:13-31:52
209                android:name="androidx.profileinstaller.ProfileInstallerInitializer"
209-->[androidx.profileinstaller:profileinstaller:1.4.0] AndroidManifest.xml:30:17-85
210                android:value="androidx.startup" />
210-->[androidx.profileinstaller:profileinstaller:1.4.0] AndroidManifest.xml:31:17-49
211        </provider>
212
213        <uses-library
213-->[androidx.privacysandbox.ads:ads-adservices:1.0.0-beta05] AndroidManifest.xml:23:9-25:40
214            android:name="android.ext.adservices"
214-->[androidx.privacysandbox.ads:ads-adservices:1.0.0-beta05] AndroidManifest.xml:24:13-50
215            android:required="false" />
215-->[androidx.privacysandbox.ads:ads-adservices:1.0.0-beta05] AndroidManifest.xml:25:13-37
216
217        <meta-data
217-->[com.google.android.gms:play-services-basement:18.4.0] AndroidManifest.xml:6:9-122
218            android:name="com.google.android.gms.version"
218-->[com.google.android.gms:play-services-basement:18.4.0] AndroidManifest.xml:6:20-65
219            android:value="@integer/google_play_services_version" />
219-->[com.google.android.gms:play-services-basement:18.4.0] AndroidManifest.xml:6:66-119
220
221        <receiver
221-->[androidx.profileinstaller:profileinstaller:1.4.0] AndroidManifest.xml:34:9-52:20
222            android:name="androidx.profileinstaller.ProfileInstallReceiver"
222-->[androidx.profileinstaller:profileinstaller:1.4.0] AndroidManifest.xml:35:13-76
223            android:directBootAware="false"
223-->[androidx.profileinstaller:profileinstaller:1.4.0] AndroidManifest.xml:36:13-44
224            android:enabled="true"
224-->[androidx.profileinstaller:profileinstaller:1.4.0] AndroidManifest.xml:37:13-35
225            android:exported="true"
225-->[androidx.profileinstaller:profileinstaller:1.4.0] AndroidManifest.xml:38:13-36
226            android:permission="android.permission.DUMP" >
226-->[androidx.profileinstaller:profileinstaller:1.4.0] AndroidManifest.xml:39:13-57
227            <intent-filter>
227-->[androidx.profileinstaller:profileinstaller:1.4.0] AndroidManifest.xml:40:13-42:29
228                <action android:name="androidx.profileinstaller.action.INSTALL_PROFILE" />
228-->[androidx.profileinstaller:profileinstaller:1.4.0] AndroidManifest.xml:41:17-91
228-->[androidx.profileinstaller:profileinstaller:1.4.0] AndroidManifest.xml:41:25-88
229            </intent-filter>
230            <intent-filter>
230-->[androidx.profileinstaller:profileinstaller:1.4.0] AndroidManifest.xml:43:13-45:29
231                <action android:name="androidx.profileinstaller.action.SKIP_FILE" />
231-->[androidx.profileinstaller:profileinstaller:1.4.0] AndroidManifest.xml:44:17-85
231-->[androidx.profileinstaller:profileinstaller:1.4.0] AndroidManifest.xml:44:25-82
232            </intent-filter>
233            <intent-filter>
233-->[androidx.profileinstaller:profileinstaller:1.4.0] AndroidManifest.xml:46:13-48:29
234                <action android:name="androidx.profileinstaller.action.SAVE_PROFILE" />
234-->[androidx.profileinstaller:profileinstaller:1.4.0] AndroidManifest.xml:47:17-88
234-->[androidx.profileinstaller:profileinstaller:1.4.0] AndroidManifest.xml:47:25-85
235            </intent-filter>
236            <intent-filter>
236-->[androidx.profileinstaller:profileinstaller:1.4.0] AndroidManifest.xml:49:13-51:29
237                <action android:name="androidx.profileinstaller.action.BENCHMARK_OPERATION" />
237-->[androidx.profileinstaller:profileinstaller:1.4.0] AndroidManifest.xml:50:17-95
237-->[androidx.profileinstaller:profileinstaller:1.4.0] AndroidManifest.xml:50:25-92
238            </intent-filter>
239        </receiver>
240
241        <service
241-->[com.google.android.datatransport:transport-backend-cct:3.1.9] AndroidManifest.xml:28:9-34:19
242            android:name="com.google.android.datatransport.runtime.backends.TransportBackendDiscovery"
242-->[com.google.android.datatransport:transport-backend-cct:3.1.9] AndroidManifest.xml:29:13-103
243            android:exported="false" >
243-->[com.google.android.datatransport:transport-backend-cct:3.1.9] AndroidManifest.xml:30:13-37
244            <meta-data
244-->[com.google.android.datatransport:transport-backend-cct:3.1.9] AndroidManifest.xml:31:13-33:39
245                android:name="backend:com.google.android.datatransport.cct.CctBackendFactory"
245-->[com.google.android.datatransport:transport-backend-cct:3.1.9] AndroidManifest.xml:32:17-94
246                android:value="cct" />
246-->[com.google.android.datatransport:transport-backend-cct:3.1.9] AndroidManifest.xml:33:17-36
247        </service>
248        <service
248-->[com.google.android.datatransport:transport-runtime:3.1.9] AndroidManifest.xml:26:9-30:19
249            android:name="com.google.android.datatransport.runtime.scheduling.jobscheduling.JobInfoSchedulerService"
249-->[com.google.android.datatransport:transport-runtime:3.1.9] AndroidManifest.xml:27:13-117
250            android:exported="false"
250-->[com.google.android.datatransport:transport-runtime:3.1.9] AndroidManifest.xml:28:13-37
251            android:permission="android.permission.BIND_JOB_SERVICE" >
251-->[com.google.android.datatransport:transport-runtime:3.1.9] AndroidManifest.xml:29:13-69
252        </service>
253
254        <receiver
254-->[com.google.android.datatransport:transport-runtime:3.1.9] AndroidManifest.xml:32:9-34:40
255            android:name="com.google.android.datatransport.runtime.scheduling.jobscheduling.AlarmManagerSchedulerBroadcastReceiver"
255-->[com.google.android.datatransport:transport-runtime:3.1.9] AndroidManifest.xml:33:13-132
256            android:exported="false" />
256-->[com.google.android.datatransport:transport-runtime:3.1.9] AndroidManifest.xml:34:13-37
257    </application>
258
259</manifest>